{"C:\\Users\\DELL\\Desktop\\Jest\\script.js": {"path":"C:\\Users\\DELL\\Desktop\\Jest\\script.js","statementMap":{"0":{"start":{"line":1,"column":0},"end":{"line":1,"column":36}},"1":{"start":{"line":2,"column":18},"end":{"line":2,"column":54}},"2":{"start":{"line":3,"column":15},"end":{"line":3,"column":48}},"3":{"start":{"line":4,"column":16},"end":{"line":4,"column":50}},"4":{"start":{"line":5,"column":13},"end":{"line":5,"column":50}},"5":{"start":{"line":6,"column":22},"end":{"line":6,"column":63}},"6":{"start":{"line":7,"column":21},"end":{"line":7,"column":61}},"7":{"start":{"line":8,"column":20},"end":{"line":8,"column":58}},"8":{"start":{"line":9,"column":26},"end":{"line":9,"column":70}},"9":{"start":{"line":10,"column":20},"end":{"line":10,"column":55}},"10":{"start":{"line":11,"column":16},"end":{"line":11,"column":50}},"11":{"start":{"line":12,"column":19},"end":{"line":12,"column":56}},"12":{"start":{"line":13,"column":18},"end":{"line":13,"column":55}},"13":{"start":{"line":14,"column":19},"end":{"line":14,"column":60}},"14":{"start":{"line":15,"column":18},"end":{"line":15,"column":61}},"15":{"start":{"line":17,"column":19},"end":{"line":17,"column":56}},"16":{"start":{"line":19,"column":12},"end":{"line":19,"column":14}},"17":{"start":{"line":20,"column":0},"end":{"line":24,"column":1}},"18":{"start":{"line":21,"column":2},"end":{"line":21,"column":52}},"19":{"start":{"line":23,"column":2},"end":{"line":23,"column":13}},"20":{"start":{"line":26,"column":17},"end":{"line":26,"column":21}},"21":{"start":{"line":28,"column":0},"end":{"line":28,"column":26}},"22":{"start":{"line":29,"column":0},"end":{"line":29,"column":14}},"23":{"start":{"line":30,"column":0},"end":{"line":30,"column":26}},"24":{"start":{"line":32,"column":0},"end":{"line":32,"column":25}},"25":{"start":{"line":33,"column":0},"end":{"line":33,"column":27}},"26":{"start":{"line":34,"column":0},"end":{"line":34,"column":27}},"27":{"start":{"line":35,"column":0},"end":{"line":35,"column":31}},"28":{"start":{"line":36,"column":0},"end":{"line":36,"column":43}},"29":{"start":{"line":37,"column":0},"end":{"line":37,"column":29}},"30":{"start":{"line":38,"column":0},"end":{"line":38,"column":37}},"31":{"start":{"line":39,"column":0},"end":{"line":39,"column":49}},"32":{"start":{"line":40,"column":0},"end":{"line":40,"column":55}},"33":{"start":{"line":41,"column":0},"end":{"line":41,"column":35}},"34":{"start":{"line":42,"column":0},"end":{"line":42,"column":53}},"35":{"start":{"line":43,"column":0},"end":{"line":43,"column":29}},"36":{"start":{"line":44,"column":0},"end":{"line":44,"column":47}},"37":{"start":{"line":45,"column":0},"end":{"line":45,"column":29}},"38":{"start":{"line":46,"column":0},"end":{"line":46,"column":33}},"39":{"start":{"line":48,"column":0},"end":{"line":51,"column":3}},"40":{"start":{"line":49,"column":2},"end":{"line":49,"column":36}},"41":{"start":{"line":50,"column":2},"end":{"line":50,"column":12}},"42":{"start":{"line":52,"column":0},"end":{"line":52,"column":44}},"43":{"start":{"line":53,"column":0},"end":{"line":53,"column":64}},"44":{"start":{"line":53,"column":22},"end":{"line":53,"column":62}},"45":{"start":{"line":54,"column":0},"end":{"line":54,"column":62}},"46":{"start":{"line":54,"column":44},"end":{"line":54,"column":60}},"47":{"start":{"line":55,"column":0},"end":{"line":55,"column":73}},"48":{"start":{"line":55,"column":49},"end":{"line":55,"column":71}},"49":{"start":{"line":56,"column":0},"end":{"line":56,"column":57}},"50":{"start":{"line":57,"column":0},"end":{"line":57,"column":47}},"51":{"start":{"line":58,"column":0},"end":{"line":66,"column":3}},"52":{"start":{"line":59,"column":2},"end":{"line":65,"column":3}},"53":{"start":{"line":60,"column":4},"end":{"line":64,"column":5}},"54":{"start":{"line":61,"column":6},"end":{"line":61,"column":16}},"55":{"start":{"line":63,"column":6},"end":{"line":63,"column":17}},"56":{"start":{"line":69,"column":19},"end":{"line":69,"column":41}},"57":{"start":{"line":70,"column":2},"end":{"line":73,"column":3}},"58":{"start":{"line":71,"column":4},"end":{"line":71,"column":19}},"59":{"start":{"line":72,"column":4},"end":{"line":72,"column":11}},"60":{"start":{"line":74,"column":19},"end":{"line":74,"column":72}},"61":{"start":{"line":75,"column":2},"end":{"line":79,"column":5}},"62":{"start":{"line":80,"column":2},"end":{"line":80,"column":23}},"63":{"start":{"line":81,"column":2},"end":{"line":81,"column":14}},"64":{"start":{"line":82,"column":2},"end":{"line":82,"column":28}},"65":{"start":{"line":83,"column":2},"end":{"line":83,"column":28}},"66":{"start":{"line":84,"column":2},"end":{"line":84,"column":16}},"67":{"start":{"line":85,"column":2},"end":{"line":85,"column":26}},"68":{"start":{"line":86,"column":2},"end":{"line":86,"column":50}},"69":{"start":{"line":93,"column":23},"end":{"line":93,"column":63}},"70":{"start":{"line":93,"column":44},"end":{"line":93,"column":62}},"71":{"start":{"line":94,"column":2},"end":{"line":105,"column":3}},"72":{"start":{"line":95,"column":4},"end":{"line":95,"column":40}},"73":{"start":{"line":96,"column":4},"end":{"line":96,"column":24}},"74":{"start":{"line":97,"column":4},"end":{"line":97,"column":34}},"75":{"start":{"line":98,"column":4},"end":{"line":98,"column":37}},"76":{"start":{"line":99,"column":4},"end":{"line":99,"column":31}},"77":{"start":{"line":100,"column":4},"end":{"line":100,"column":39}},"78":{"start":{"line":101,"column":4},"end":{"line":101,"column":45}},"79":{"start":{"line":102,"column":4},"end":{"line":102,"column":18}},"80":{"start":{"line":103,"column":4},"end":{"line":103,"column":28}},"81":{"start":{"line":109,"column":19},"end":{"line":109,"column":41}},"82":{"start":{"line":110,"column":2},"end":{"line":113,"column":3}},"83":{"start":{"line":111,"column":4},"end":{"line":111,"column":19}},"84":{"start":{"line":112,"column":4},"end":{"line":112,"column":11}},"85":{"start":{"line":114,"column":23},"end":{"line":114,"column":67}},"86":{"start":{"line":114,"column":44},"end":{"line":114,"column":66}},"87":{"start":{"line":115,"column":2},"end":{"line":141,"column":3}},"88":{"start":{"line":116,"column":4},"end":{"line":116,"column":33}},"89":{"start":{"line":117,"column":4},"end":{"line":117,"column":22}},"90":{"start":{"line":118,"column":4},"end":{"line":118,"column":25}},"91":{"start":{"line":119,"column":4},"end":{"line":119,"column":36}},"92":{"start":{"line":120,"column":4},"end":{"line":120,"column":35}},"93":{"start":{"line":121,"column":4},"end":{"line":121,"column":32}},"94":{"start":{"line":122,"column":4},"end":{"line":122,"column":47}},"95":{"start":{"line":123,"column":4},"end":{"line":123,"column":53}},"96":{"start":{"line":124,"column":4},"end":{"line":124,"column":16}},"97":{"start":{"line":125,"column":4},"end":{"line":125,"column":33}},"98":{"start":{"line":126,"column":4},"end":{"line":126,"column":18}},"99":{"start":{"line":127,"column":4},"end":{"line":127,"column":28}},"100":{"start":{"line":128,"column":4},"end":{"line":128,"column":52}},"101":{"start":{"line":131,"column":24},"end":{"line":131,"column":74}},"102":{"start":{"line":132,"column":4},"end":{"line":140,"column":5}},"103":{"start":{"line":133,"column":6},"end":{"line":139,"column":14}},"104":{"start":{"line":134,"column":8},"end":{"line":134,"column":76}},"105":{"start":{"line":135,"column":8},"end":{"line":135,"column":47}},"106":{"start":{"line":136,"column":9},"end":{"line":138,"column":17}},"107":{"start":{"line":137,"column":10},"end":{"line":137,"column":52}},"108":{"start":{"line":146,"column":2},"end":{"line":150,"column":3}},"109":{"start":{"line":147,"column":4},"end":{"line":147,"column":44}},"110":{"start":{"line":149,"column":4},"end":{"line":149,"column":47}},"111":{"start":{"line":154,"column":2},"end":{"line":154,"column":53}},"112":{"start":{"line":154,"column":33},"end":{"line":154,"column":51}},"113":{"start":{"line":155,"column":2},"end":{"line":155,"column":14}},"114":{"start":{"line":156,"column":2},"end":{"line":156,"column":31}},"115":{"start":{"line":157,"column":2},"end":{"line":157,"column":16}},"116":{"start":{"line":158,"column":2},"end":{"line":158,"column":26}},"117":{"start":{"line":159,"column":2},"end":{"line":159,"column":52}},"118":{"start":{"line":163,"column":23},"end":{"line":163,"column":63}},"119":{"start":{"line":163,"column":44},"end":{"line":163,"column":62}},"120":{"start":{"line":164,"column":2},"end":{"line":170,"column":3}},"121":{"start":{"line":165,"column":4},"end":{"line":166,"column":69}},"122":{"start":{"line":167,"column":4},"end":{"line":167,"column":16}},"123":{"start":{"line":168,"column":4},"end":{"line":168,"column":33}},"124":{"start":{"line":169,"column":4},"end":{"line":169,"column":18}},"125":{"start":{"line":174,"column":18},"end":{"line":174,"column":47}},"126":{"start":{"line":175,"column":2},"end":{"line":175,"column":24}},"127":{"start":{"line":176,"column":2},"end":{"line":176,"column":24}},"128":{"start":{"line":180,"column":27},"end":{"line":180,"column":68}},"129":{"start":{"line":181,"column":2},"end":{"line":183,"column":3}},"130":{"start":{"line":182,"column":4},"end":{"line":182,"column":45}},"131":{"start":{"line":184,"column":2},"end":{"line":184,"column":12}},"132":{"start":{"line":188,"column":2},"end":{"line":194,"column":5}},"133":{"start":{"line":189,"column":4},"end":{"line":193,"column":5}},"134":{"start":{"line":190,"column":6},"end":{"line":190,"column":34}},"135":{"start":{"line":192,"column":6},"end":{"line":192,"column":37}},"136":{"start":{"line":199,"column":2},"end":{"line":199,"column":55}},"137":{"start":{"line":204,"column":2},"end":{"line":204,"column":31}},"138":{"start":{"line":205,"column":2},"end":{"line":221,"column":5}},"139":{"start":{"line":206,"column":4},"end":{"line":220,"column":5}},"140":{"start":{"line":211,"column":26},"end":{"line":211,"column":55}},"141":{"start":{"line":212,"column":6},"end":{"line":212,"column":40}},"142":{"start":{"line":213,"column":6},"end":{"line":213,"column":41}},"143":{"start":{"line":214,"column":6},"end":{"line":218,"column":139}},"144":{"start":{"line":219,"column":6},"end":{"line":219,"column":45}},"145":{"start":{"line":222,"column":2},"end":{"line":222,"column":31}},"146":{"start":{"line":223,"column":2},"end":{"line":223,"column":16}},"147":{"start":{"line":224,"column":2},"end":{"line":224,"column":26}},"148":{"start":{"line":229,"column":2},"end":{"line":229,"column":13}},"149":{"start":{"line":230,"column":2},"end":{"line":230,"column":14}},"150":{"start":{"line":231,"column":2},"end":{"line":231,"column":31}},"151":{"start":{"line":232,"column":2},"end":{"line":232,"column":16}},"152":{"start":{"line":233,"column":2},"end":{"line":233,"column":26}},"153":{"start":{"line":234,"column":2},"end":{"line":234,"column":57}},"154":{"start":{"line":239,"column":2},"end":{"line":239,"column":62}},"155":{"start":{"line":239,"column":33},"end":{"line":239,"column":60}},"156":{"start":{"line":240,"column":2},"end":{"line":240,"column":14}},"157":{"start":{"line":241,"column":2},"end":{"line":241,"column":31}},"158":{"start":{"line":242,"column":2},"end":{"line":242,"column":16}},"159":{"start":{"line":243,"column":2},"end":{"line":243,"column":26}},"160":{"start":{"line":244,"column":2},"end":{"line":244,"column":63}},"161":{"start":{"line":250,"column":30},"end":{"line":252,"column":10}},"162":{"start":{"line":251,"column":14},"end":{"line":251,"column":41}},"163":{"start":{"line":253,"column":2},"end":{"line":254,"column":54}},"164":{"start":{"line":259,"column":25},"end":{"line":261,"column":10}},"165":{"start":{"line":260,"column":14},"end":{"line":260,"column":41}},"166":{"start":{"line":262,"column":21},"end":{"line":262,"column":33}},"167":{"start":{"line":263,"column":19},"end":{"line":263,"column":71}},"168":{"start":{"line":264,"column":2},"end":{"line":264,"column":43}},"169":{"start":{"line":265,"column":2},"end":{"line":265,"column":56}},"170":{"start":{"line":266,"column":28},"end":{"line":266,"column":73}},"171":{"start":{"line":267,"column":2},"end":{"line":271,"column":3}},"172":{"start":{"line":268,"column":4},"end":{"line":268,"column":51}},"173":{"start":{"line":270,"column":4},"end":{"line":270,"column":50}},"174":{"start":{"line":276,"column":2},"end":{"line":282,"column":3}},"175":{"start":{"line":277,"column":4},"end":{"line":277,"column":73}},"176":{"start":{"line":278,"column":9},"end":{"line":282,"column":3}},"177":{"start":{"line":279,"column":4},"end":{"line":279,"column":79}},"178":{"start":{"line":280,"column":9},"end":{"line":282,"column":3}},"179":{"start":{"line":281,"column":4},"end":{"line":281,"column":73}},"180":{"start":{"line":283,"column":2},"end":{"line":283,"column":35}},"181":{"start":{"line":287,"column":2},"end":{"line":287,"column":38}},"182":{"start":{"line":291,"column":2},"end":{"line":295,"column":3}},"183":{"start":{"line":292,"column":4},"end":{"line":292,"column":20}},"184":{"start":{"line":293,"column":9},"end":{"line":295,"column":3}},"185":{"start":{"line":294,"column":4},"end":{"line":294,"column":26}},"186":{"start":{"line":296,"column":2},"end":{"line":296,"column":14}},"187":{"start":{"line":300,"column":2},"end":{"line":300,"column":22}},"188":{"start":{"line":301,"column":2},"end":{"line":304,"column":5}},"189":{"start":{"line":302,"column":4},"end":{"line":302,"column":23}},"190":{"start":{"line":303,"column":4},"end":{"line":303,"column":16}},"191":{"start":{"line":309,"column":2},"end":{"line":310,"column":99}},"192":{"start":{"line":311,"column":2},"end":{"line":313,"column":11}},"193":{"start":{"line":312,"column":4},"end":{"line":312,"column":34}},"194":{"start":{"line":318,"column":18},"end":{"line":318,"column":32}},"195":{"start":{"line":319,"column":29},"end":{"line":319,"column":84}},"196":{"start":{"line":319,"column":50},"end":{"line":319,"column":76}},"197":{"start":{"line":320,"column":30},"end":{"line":320,"column":86}},"198":{"start":{"line":320,"column":51},"end":{"line":320,"column":78}},"199":{"start":{"line":322,"column":2},"end":{"line":328,"column":3}},"200":{"start":{"line":323,"column":4},"end":{"line":323,"column":75}},"201":{"start":{"line":324,"column":9},"end":{"line":328,"column":3}},"202":{"start":{"line":325,"column":4},"end":{"line":325,"column":74}},"203":{"start":{"line":326,"column":9},"end":{"line":328,"column":3}},"204":{"start":{"line":327,"column":4},"end":{"line":327,"column":75}},"205":{"start":{"line":334,"column":2},"end":{"line":334,"column":35}},"206":{"start":{"line":335,"column":2},"end":{"line":335,"column":44}},"207":{"start":{"line":336,"column":2},"end":{"line":340,"column":3}},"208":{"start":{"line":337,"column":4},"end":{"line":337,"column":40}},"209":{"start":{"line":338,"column":9},"end":{"line":340,"column":3}},"210":{"start":{"line":339,"column":4},"end":{"line":339,"column":38}},"211":{"start":{"line":342,"column":2},"end":{"line":344,"column":11}},"212":{"start":{"line":343,"column":4},"end":{"line":343,"column":68}}},"fnMap":{"0":{"name":"(anonymous_0)","decl":{"start":{"line":48,"column":33},"end":{"line":48,"column":34}},"loc":{"start":{"line":48,"column":44},"end":{"line":51,"column":1}},"line":48},"1":{"name":"(anonymous_1)","decl":{"start":{"line":53,"column":13},"end":{"line":53,"column":14}},"loc":{"start":{"line":53,"column":22},"end":{"line":53,"column":62}},"line":53},"2":{"name":"(anonymous_2)","decl":{"start":{"line":54,"column":38},"end":{"line":54,"column":39}},"loc":{"start":{"line":54,"column":44},"end":{"line":54,"column":60}},"line":54},"3":{"name":"(anonymous_3)","decl":{"start":{"line":55,"column":43},"end":{"line":55,"column":44}},"loc":{"start":{"line":55,"column":49},"end":{"line":55,"column":71}},"line":55},"4":{"name":"(anonymous_4)","decl":{"start":{"line":58,"column":39},"end":{"line":58,"column":40}},"loc":{"start":{"line":58,"column":56},"end":{"line":66,"column":1}},"line":58},"5":{"name":"addTask","decl":{"start":{"line":68,"column":9},"end":{"line":68,"column":16}},"loc":{"start":{"line":68,"column":19},"end":{"line":87,"column":1}},"line":68},"6":{"name":"editTask","decl":{"start":{"line":92,"column":9},"end":{"line":92,"column":17}},"loc":{"start":{"line":92,"column":26},"end":{"line":106,"column":1}},"line":92},"7":{"name":"(anonymous_7)","decl":{"start":{"line":93,"column":34},"end":{"line":93,"column":35}},"loc":{"start":{"line":93,"column":44},"end":{"line":93,"column":62}},"line":93},"8":{"name":"saveTask","decl":{"start":{"line":108,"column":9},"end":{"line":108,"column":17}},"loc":{"start":{"line":108,"column":20},"end":{"line":142,"column":1}},"line":108},"9":{"name":"(anonymous_9)","decl":{"start":{"line":114,"column":34},"end":{"line":114,"column":35}},"loc":{"start":{"line":114,"column":44},"end":{"line":114,"column":66}},"line":114},"10":{"name":"(anonymous_10)","decl":{"start":{"line":133,"column":17},"end":{"line":133,"column":18}},"loc":{"start":{"line":133,"column":23},"end":{"line":139,"column":7}},"line":133},"11":{"name":"(anonymous_11)","decl":{"start":{"line":136,"column":20},"end":{"line":136,"column":21}},"loc":{"start":{"line":136,"column":26},"end":{"line":138,"column":9}},"line":136},"12":{"name":"disableTaskContainer","decl":{"start":{"line":145,"column":9},"end":{"line":145,"column":29}},"loc":{"start":{"line":145,"column":40},"end":{"line":151,"column":1}},"line":145},"13":{"name":"deleteTask","decl":{"start":{"line":153,"column":9},"end":{"line":153,"column":19}},"loc":{"start":{"line":153,"column":28},"end":{"line":160,"column":1}},"line":153},"14":{"name":"(anonymous_14)","decl":{"start":{"line":154,"column":23},"end":{"line":154,"column":24}},"loc":{"start":{"line":154,"column":33},"end":{"line":154,"column":51}},"line":154},"15":{"name":"toggleTaskStatus","decl":{"start":{"line":162,"column":9},"end":{"line":162,"column":25}},"loc":{"start":{"line":162,"column":34},"end":{"line":171,"column":1}},"line":162},"16":{"name":"(anonymous_16)","decl":{"start":{"line":163,"column":34},"end":{"line":163,"column":35}},"loc":{"start":{"line":163,"column":44},"end":{"line":163,"column":62}},"line":163},"17":{"name":"switchTab","decl":{"start":{"line":173,"column":9},"end":{"line":173,"column":18}},"loc":{"start":{"line":173,"column":26},"end":{"line":177,"column":1}},"line":173},"18":{"name":"getActiveTab","decl":{"start":{"line":179,"column":9},"end":{"line":179,"column":21}},"loc":{"start":{"line":179,"column":24},"end":{"line":185,"column":1}},"line":179},"19":{"name":"setActiveTab","decl":{"start":{"line":187,"column":9},"end":{"line":187,"column":21}},"loc":{"start":{"line":187,"column":31},"end":{"line":195,"column":1}},"line":187},"20":{"name":"(anonymous_20)","decl":{"start":{"line":188,"column":15},"end":{"line":188,"column":16}},"loc":{"start":{"line":188,"column":24},"end":{"line":194,"column":3}},"line":188},"21":{"name":"saveTasks","decl":{"start":{"line":198,"column":9},"end":{"line":198,"column":18}},"loc":{"start":{"line":198,"column":21},"end":{"line":200,"column":1}},"line":198},"22":{"name":"displayTasks","decl":{"start":{"line":203,"column":9},"end":{"line":203,"column":21}},"loc":{"start":{"line":203,"column":45},"end":{"line":225,"column":1}},"line":203},"23":{"name":"(anonymous_23)","decl":{"start":{"line":205,"column":16},"end":{"line":205,"column":17}},"loc":{"start":{"line":205,"column":26},"end":{"line":221,"column":3}},"line":205},"24":{"name":"clearAllTasks","decl":{"start":{"line":228,"column":9},"end":{"line":228,"column":22}},"loc":{"start":{"line":228,"column":25},"end":{"line":235,"column":1}},"line":228},"25":{"name":"clearCompletedTasks","decl":{"start":{"line":238,"column":9},"end":{"line":238,"column":28}},"loc":{"start":{"line":238,"column":31},"end":{"line":246,"column":1}},"line":238},"26":{"name":"(anonymous_26)","decl":{"start":{"line":239,"column":23},"end":{"line":239,"column":24}},"loc":{"start":{"line":239,"column":33},"end":{"line":239,"column":60}},"line":239},"27":{"name":"updateClearCompletedButton","decl":{"start":{"line":249,"column":9},"end":{"line":249,"column":35}},"loc":{"start":{"line":249,"column":38},"end":{"line":255,"column":1}},"line":249},"28":{"name":"(anonymous_28)","decl":{"start":{"line":251,"column":4},"end":{"line":251,"column":5}},"loc":{"start":{"line":251,"column":14},"end":{"line":251,"column":41}},"line":251},"29":{"name":"updateStats","decl":{"start":{"line":258,"column":9},"end":{"line":258,"column":20}},"loc":{"start":{"line":258,"column":23},"end":{"line":272,"column":1}},"line":258},"30":{"name":"(anonymous_30)","decl":{"start":{"line":260,"column":4},"end":{"line":260,"column":5}},"loc":{"start":{"line":260,"column":14},"end":{"line":260,"column":41}},"line":260},"31":{"name":"showModal","decl":{"start":{"line":275,"column":9},"end":{"line":275,"column":18}},"loc":{"start":{"line":275,"column":25},"end":{"line":284,"column":1}},"line":275},"32":{"name":"hideModal","decl":{"start":{"line":286,"column":9},"end":{"line":286,"column":18}},"loc":{"start":{"line":286,"column":21},"end":{"line":288,"column":1}},"line":286},"33":{"name":"handleModalConfirm","decl":{"start":{"line":290,"column":9},"end":{"line":290,"column":27}},"loc":{"start":{"line":290,"column":30},"end":{"line":297,"column":1}},"line":290},"34":{"name":"showDeleteConfirmation","decl":{"start":{"line":299,"column":9},"end":{"line":299,"column":31}},"loc":{"start":{"line":299,"column":40},"end":{"line":305,"column":1}},"line":299},"35":{"name":"(anonymous_35)","decl":{"start":{"line":301,"column":39},"end":{"line":301,"column":40}},"loc":{"start":{"line":301,"column":45},"end":{"line":304,"column":3}},"line":301},"36":{"name":"displayError","decl":{"start":{"line":308,"column":9},"end":{"line":308,"column":21}},"loc":{"start":{"line":308,"column":24},"end":{"line":314,"column":1}},"line":308},"37":{"name":"(anonymous_37)","decl":{"start":{"line":311,"column":13},"end":{"line":311,"column":14}},"loc":{"start":{"line":311,"column":19},"end":{"line":313,"column":3}},"line":311},"38":{"name":"displayNoTasksMessage","decl":{"start":{"line":317,"column":9},"end":{"line":317,"column":30}},"loc":{"start":{"line":317,"column":33},"end":{"line":329,"column":1}},"line":317},"39":{"name":"(anonymous_39)","decl":{"start":{"line":319,"column":42},"end":{"line":319,"column":43}},"loc":{"start":{"line":319,"column":50},"end":{"line":319,"column":76}},"line":319},"40":{"name":"(anonymous_40)","decl":{"start":{"line":320,"column":43},"end":{"line":320,"column":44}},"loc":{"start":{"line":320,"column":51},"end":{"line":320,"column":78}},"line":320},"41":{"name":"showToast","decl":{"start":{"line":333,"column":9},"end":{"line":333,"column":18}},"loc":{"start":{"line":333,"column":34},"end":{"line":345,"column":1}},"line":333},"42":{"name":"(anonymous_42)","decl":{"start":{"line":342,"column":13},"end":{"line":342,"column":14}},"loc":{"start":{"line":342,"column":19},"end":{"line":344,"column":3}},"line":342}},"branchMap":{"0":{"loc":{"start":{"line":20,"column":0},"end":{"line":24,"column":1}},"type":"if","locations":[{"start":{"line":20,"column":0},"end":{"line":24,"column":1}},{"start":{"line":22,"column":7},"end":{"line":24,"column":1}}],"line":20},"1":{"loc":{"start":{"line":59,"column":2},"end":{"line":65,"column":3}},"type":"if","locations":[{"start":{"line":59,"column":2},"end":{"line":65,"column":3}},{"start":{},"end":{}}],"line":59},"2":{"loc":{"start":{"line":60,"column":4},"end":{"line":64,"column":5}},"type":"if","locations":[{"start":{"line":60,"column":4},"end":{"line":64,"column":5}},{"start":{"line":62,"column":11},"end":{"line":64,"column":5}}],"line":60},"3":{"loc":{"start":{"line":70,"column":2},"end":{"line":73,"column":3}},"type":"if","locations":[{"start":{"line":70,"column":2},"end":{"line":73,"column":3}},{"start":{},"end":{}}],"line":70},"4":{"loc":{"start":{"line":74,"column":19},"end":{"line":74,"column":72}},"type":"cond-expr","locations":[{"start":{"line":74,"column":38},"end":{"line":74,"column":68}},{"start":{"line":74,"column":71},"end":{"line":74,"column":72}}],"line":74},"5":{"loc":{"start":{"line":94,"column":2},"end":{"line":105,"column":3}},"type":"if","locations":[{"start":{"line":94,"column":2},"end":{"line":105,"column":3}},{"start":{},"end":{}}],"line":94},"6":{"loc":{"start":{"line":110,"column":2},"end":{"line":113,"column":3}},"type":"if","locations":[{"start":{"line":110,"column":2},"end":{"line":113,"column":3}},{"start":{},"end":{}}],"line":110},"7":{"loc":{"start":{"line":115,"column":2},"end":{"line":141,"column":3}},"type":"if","locations":[{"start":{"line":115,"column":2},"end":{"line":141,"column":3}},{"start":{},"end":{}}],"line":115},"8":{"loc":{"start":{"line":132,"column":4},"end":{"line":140,"column":5}},"type":"if","locations":[{"start":{"line":132,"column":4},"end":{"line":140,"column":5}},{"start":{},"end":{}}],"line":132},"9":{"loc":{"start":{"line":146,"column":2},"end":{"line":150,"column":3}},"type":"if","locations":[{"start":{"line":146,"column":2},"end":{"line":150,"column":3}},{"start":{"line":148,"column":9},"end":{"line":150,"column":3}}],"line":146},"10":{"loc":{"start":{"line":164,"column":2},"end":{"line":170,"column":3}},"type":"if","locations":[{"start":{"line":164,"column":2},"end":{"line":170,"column":3}},{"start":{},"end":{}}],"line":164},"11":{"loc":{"start":{"line":166,"column":6},"end":{"line":166,"column":68}},"type":"cond-expr","locations":[{"start":{"line":166,"column":44},"end":{"line":166,"column":54}},{"start":{"line":166,"column":57},"end":{"line":166,"column":68}}],"line":166},"12":{"loc":{"start":{"line":181,"column":2},"end":{"line":183,"column":3}},"type":"if","locations":[{"start":{"line":181,"column":2},"end":{"line":183,"column":3}},{"start":{},"end":{}}],"line":181},"13":{"loc":{"start":{"line":189,"column":4},"end":{"line":193,"column":5}},"type":"if","locations":[{"start":{"line":189,"column":4},"end":{"line":193,"column":5}},{"start":{"line":191,"column":11},"end":{"line":193,"column":5}}],"line":189},"14":{"loc":{"start":{"line":203,"column":22},"end":{"line":203,"column":43}},"type":"default-arg","locations":[{"start":{"line":203,"column":32},"end":{"line":203,"column":43}}],"line":203},"15":{"loc":{"start":{"line":206,"column":4},"end":{"line":220,"column":5}},"type":"if","locations":[{"start":{"line":206,"column":4},"end":{"line":220,"column":5}},{"start":{},"end":{}}],"line":206},"16":{"loc":{"start":{"line":207,"column":6},"end":{"line":209,"column":62}},"type":"binary-expr","locations":[{"start":{"line":207,"column":6},"end":{"line":207,"column":29}},{"start":{"line":208,"column":7},"end":{"line":208,"column":29}},{"start":{"line":208,"column":33},"end":{"line":208,"column":59}},{"start":{"line":209,"column":7},"end":{"line":209,"column":30}},{"start":{"line":209,"column":34},"end":{"line":209,"column":61}}],"line":207},"17":{"loc":{"start":{"line":215,"column":13},"end":{"line":215,"column":67}},"type":"cond-expr","locations":[{"start":{"line":215,"column":43},"end":{"line":215,"column":62}},{"start":{"line":215,"column":65},"end":{"line":215,"column":67}}],"line":215},"18":{"loc":{"start":{"line":216,"column":87},"end":{"line":216,"column":154}},"type":"cond-expr","locations":[{"start":{"line":216,"column":117},"end":{"line":216,"column":137}},{"start":{"line":216,"column":140},"end":{"line":216,"column":154}}],"line":216},"19":{"loc":{"start":{"line":254,"column":4},"end":{"line":254,"column":53}},"type":"cond-expr","locations":[{"start":{"line":254,"column":30},"end":{"line":254,"column":44}},{"start":{"line":254,"column":47},"end":{"line":254,"column":53}}],"line":254},"20":{"loc":{"start":{"line":263,"column":19},"end":{"line":263,"column":71}},"type":"cond-expr","locations":[{"start":{"line":263,"column":32},"end":{"line":263,"column":67}},{"start":{"line":263,"column":70},"end":{"line":263,"column":71}}],"line":263},"21":{"loc":{"start":{"line":267,"column":2},"end":{"line":271,"column":3}},"type":"if","locations":[{"start":{"line":267,"column":2},"end":{"line":271,"column":3}},{"start":{"line":269,"column":9},"end":{"line":271,"column":3}}],"line":267},"22":{"loc":{"start":{"line":276,"column":2},"end":{"line":282,"column":3}},"type":"if","locations":[{"start":{"line":276,"column":2},"end":{"line":282,"column":3}},{"start":{"line":278,"column":9},"end":{"line":282,"column":3}}],"line":276},"23":{"loc":{"start":{"line":278,"column":9},"end":{"line":282,"column":3}},"type":"if","locations":[{"start":{"line":278,"column":9},"end":{"line":282,"column":3}},{"start":{"line":280,"column":9},"end":{"line":282,"column":3}}],"line":278},"24":{"loc":{"start":{"line":280,"column":9},"end":{"line":282,"column":3}},"type":"if","locations":[{"start":{"line":280,"column":9},"end":{"line":282,"column":3}},{"start":{},"end":{}}],"line":280},"25":{"loc":{"start":{"line":291,"column":2},"end":{"line":295,"column":3}},"type":"if","locations":[{"start":{"line":291,"column":2},"end":{"line":295,"column":3}},{"start":{"line":293,"column":9},"end":{"line":295,"column":3}}],"line":291},"26":{"loc":{"start":{"line":293,"column":9},"end":{"line":295,"column":3}},"type":"if","locations":[{"start":{"line":293,"column":9},"end":{"line":295,"column":3}},{"start":{},"end":{}}],"line":293},"27":{"loc":{"start":{"line":322,"column":2},"end":{"line":328,"column":3}},"type":"if","locations":[{"start":{"line":322,"column":2},"end":{"line":328,"column":3}},{"start":{"line":324,"column":9},"end":{"line":328,"column":3}}],"line":322},"28":{"loc":{"start":{"line":324,"column":9},"end":{"line":328,"column":3}},"type":"if","locations":[{"start":{"line":324,"column":9},"end":{"line":328,"column":3}},{"start":{"line":326,"column":9},"end":{"line":328,"column":3}}],"line":324},"29":{"loc":{"start":{"line":324,"column":13},"end":{"line":324,"column":63}},"type":"binary-expr","locations":[{"start":{"line":324,"column":13},"end":{"line":324,"column":35}},{"start":{"line":324,"column":39},"end":{"line":324,"column":63}}],"line":324},"30":{"loc":{"start":{"line":326,"column":9},"end":{"line":328,"column":3}},"type":"if","locations":[{"start":{"line":326,"column":9},"end":{"line":328,"column":3}},{"start":{},"end":{}}],"line":326},"31":{"loc":{"start":{"line":326,"column":13},"end":{"line":326,"column":65}},"type":"binary-expr","locations":[{"start":{"line":326,"column":13},"end":{"line":326,"column":36}},{"start":{"line":326,"column":40},"end":{"line":326,"column":65}}],"line":326},"32":{"loc":{"start":{"line":336,"column":2},"end":{"line":340,"column":3}},"type":"if","locations":[{"start":{"line":336,"column":2},"end":{"line":340,"column":3}},{"start":{"line":338,"column":9},"end":{"line":340,"column":3}}],"line":336},"33":{"loc":{"start":{"line":338,"column":9},"end":{"line":340,"column":3}},"type":"if","locations":[{"start":{"line":338,"column":9},"end":{"line":340,"column":3}},{"start":{},"end":{}}],"line":338}},"s":{"0":7,"1":7,"2":7,"3":7,"4":7,"5":7,"6":7,"7":7,"8":7,"9":7,"10":7,"11":7,"12":7,"13":7,"14":7,"15":7,"16":7,"17":7,"18":0,"19":0,"20":0,"21":0,"22":0,"23":0,"24":0,"25":0,"26":0,"27":0,"28":0,"29":0,"30":0,"31":0,"32":0,"33":0,"34":0,"35":0,"36":0,"37":0,"38":0,"39":0,"40":0,"41":0,"42":0,"43":0,"44":0,"45":0,"46":0,"47":0,"48":0,"49":0,"50":0,"51":0,"52":0,"53":0,"54":0,"55":0,"56":0,"57":0,"58":0,"59":0,"60":0,"61":0,"62":0,"63":0,"64":0,"65":0,"66":0,"67":0,"68":0,"69":0,"70":0,"71":0,"72":0,"73":0,"74":0,"75":0,"76":0,"77":0,"78":0,"79":0,"80":0,"81":0,"82":0,"83":0,"84":0,"85":0,"86":0,"87":0,"88":0,"89":0,"90":0,"91":0,"92":0,"93":0,"94":0,"95":0,"96":0,"97":0,"98":0,"99":0,"100":0,"101":0,"102":0,"103":0,"104":0,"105":0,"106":0,"107":0,"108":0,"109":0,"110":0,"111":0,"112":0,"113":0,"114":0,"115":0,"116":0,"117":0,"118":0,"119":0,"120":0,"121":0,"122":0,"123":0,"124":0,"125":0,"126":0,"127":0,"128":0,"129":0,"130":0,"131":0,"132":0,"133":0,"134":0,"135":0,"136":0,"137":0,"138":0,"139":0,"140":0,"141":0,"142":0,"143":0,"144":0,"145":0,"146":0,"147":0,"148":0,"149":0,"150":0,"151":0,"152":0,"153":0,"154":0,"155":0,"156":0,"157":0,"158":0,"159":0,"160":0,"161":0,"162":0,"163":0,"164":0,"165":0,"166":0,"167":0,"168":0,"169":0,"170":0,"171":0,"172":0,"173":0,"174":0,"175":0,"176":0,"177":0,"178":0,"179":0,"180":0,"181":0,"182":0,"183":0,"184":0,"185":0,"186":0,"187":0,"188":0,"189":0,"190":0,"191":0,"192":0,"193":0,"194":0,"195":0,"196":0,"197":0,"198":0,"199":0,"200":0,"201":0,"202":0,"203":0,"204":0,"205":0,"206":0,"207":0,"208":0,"209":0,"210":0,"211":0,"212":0},"f":{"0":0,"1":0,"2":0,"3":0,"4":0,"5":0,"6":0,"7":0,"8":0,"9":0,"10":0,"11":0,"12":0,"13":0,"14":0,"15":0,"16":0,"17":0,"18":0,"19":0,"20":0,"21":0,"22":0,"23":0,"24":0,"25":0,"26":0,"27":0,"28":0,"29":0,"30":0,"31":0,"32":0,"33":0,"34":0,"35":0,"36":0,"37":0,"38":0,"39":0,"40":0,"41":0,"42":0},"b":{"0":[0,0],"1":[0,0],"2":[0,0],"3":[0,0],"4":[0,0],"5":[0,0],"6":[0,0],"7":[0,0],"8":[0,0],"9":[0,0],"10":[0,0],"11":[0,0],"12":[0,0],"13":[0,0],"14":[0],"15":[0,0],"16":[0,0,0,0,0],"17":[0,0],"18":[0,0],"19":[0,0],"20":[0,0],"21":[0,0],"22":[0,0],"23":[0,0],"24":[0,0],"25":[0,0],"26":[0,0],"27":[0,0],"28":[0,0],"29":[0,0],"30":[0,0],"31":[0,0],"32":[0,0],"33":[0,0]},"_coverageSchema":"1a1c01bbd47fc00a2c39e90264f33305004495a9","hash":"a153abdb31c0fa20abc326dd4f6edbd9356225d7"}
}
