TN:
SF:script.js
FN:48,(anonymous_0)
FN:53,(anonymous_1)
FN:54,(anonymous_2)
FN:55,(anonymous_3)
FN:58,(anonymous_4)
FN:68,addTask
FN:92,editTask
FN:93,(anonymous_7)
FN:108,saveTask
FN:114,(anonymous_9)
FN:133,(anonymous_10)
FN:136,(anonymous_11)
FN:145,disableTaskContainer
FN:153,deleteTask
FN:154,(anonymous_14)
FN:162,toggleTaskStatus
FN:163,(anonymous_16)
FN:173,switchTab
FN:179,getActiveTab
FN:187,setActiveTab
FN:188,(anonymous_20)
FN:198,saveTasks
FN:203,displayTasks
FN:205,(anonymous_23)
FN:228,clearAllTasks
FN:238,clearCompletedTasks
FN:239,(anonymous_26)
FN:249,updateClearCompletedButton
FN:251,(anonymous_28)
FN:258,updateStats
FN:260,(anonymous_30)
FN:275,showModal
FN:286,hideModal
FN:290,handleModalConfirm
FN:299,showDeleteConfirmation
FN:301,(anonymous_35)
FN:308,displayError
FN:311,(anonymous_37)
FN:317,displayNoTasksMessage
FN:319,(anonymous_39)
FN:320,(anonymous_40)
FN:333,showToast
FN:342,(anonymous_42)
FNF:43
FNH:0
FNDA:0,(anonymous_0)
FNDA:0,(anonymous_1)
FNDA:0,(anonymous_2)
FNDA:0,(anonymous_3)
FNDA:0,(anonymous_4)
FNDA:0,addTask
FNDA:0,editTask
FNDA:0,(anonymous_7)
FNDA:0,saveTask
FNDA:0,(anonymous_9)
FNDA:0,(anonymous_10)
FNDA:0,(anonymous_11)
FNDA:0,disableTaskContainer
FNDA:0,deleteTask
FNDA:0,(anonymous_14)
FNDA:0,toggleTaskStatus
FNDA:0,(anonymous_16)
FNDA:0,switchTab
FNDA:0,getActiveTab
FNDA:0,setActiveTab
FNDA:0,(anonymous_20)
FNDA:0,saveTasks
FNDA:0,displayTasks
FNDA:0,(anonymous_23)
FNDA:0,clearAllTasks
FNDA:0,clearCompletedTasks
FNDA:0,(anonymous_26)
FNDA:0,updateClearCompletedButton
FNDA:0,(anonymous_28)
FNDA:0,updateStats
FNDA:0,(anonymous_30)
FNDA:0,showModal
FNDA:0,hideModal
FNDA:0,handleModalConfirm
FNDA:0,showDeleteConfirmation
FNDA:0,(anonymous_35)
FNDA:0,displayError
FNDA:0,(anonymous_37)
FNDA:0,displayNoTasksMessage
FNDA:0,(anonymous_39)
FNDA:0,(anonymous_40)
FNDA:0,showToast
FNDA:0,(anonymous_42)
DA:1,7
DA:2,7
DA:3,7
DA:4,7
DA:5,7
DA:6,7
DA:7,7
DA:8,7
DA:9,7
DA:10,7
DA:11,7
DA:12,7
DA:13,7
DA:14,7
DA:15,7
DA:17,7
DA:19,7
DA:20,7
DA:21,0
DA:23,0
DA:26,0
DA:28,0
DA:29,0
DA:30,0
DA:32,0
DA:33,0
DA:34,0
DA:35,0
DA:36,0
DA:37,0
DA:38,0
DA:39,0
DA:40,0
DA:41,0
DA:42,0
DA:43,0
DA:44,0
DA:45,0
DA:46,0
DA:48,0
DA:49,0
DA:50,0
DA:52,0
DA:53,0
DA:54,0
DA:55,0
DA:56,0
DA:57,0
DA:58,0
DA:59,0
DA:60,0
DA:61,0
DA:63,0
DA:69,0
DA:70,0
DA:71,0
DA:72,0
DA:74,0
DA:75,0
DA:80,0
DA:81,0
DA:82,0
DA:83,0
DA:84,0
DA:85,0
DA:86,0
DA:93,0
DA:94,0
DA:95,0
DA:96,0
DA:97,0
DA:98,0
DA:99,0
DA:100,0
DA:101,0
DA:102,0
DA:103,0
DA:109,0
DA:110,0
DA:111,0
DA:112,0
DA:114,0
DA:115,0
DA:116,0
DA:117,0
DA:118,0
DA:119,0
DA:120,0
DA:121,0
DA:122,0
DA:123,0
DA:124,0
DA:125,0
DA:126,0
DA:127,0
DA:128,0
DA:131,0
DA:132,0
DA:133,0
DA:134,0
DA:135,0
DA:136,0
DA:137,0
DA:146,0
DA:147,0
DA:149,0
DA:154,0
DA:155,0
DA:156,0
DA:157,0
DA:158,0
DA:159,0
DA:163,0
DA:164,0
DA:165,0
DA:167,0
DA:168,0
DA:169,0
DA:174,0
DA:175,0
DA:176,0
DA:180,0
DA:181,0
DA:182,0
DA:184,0
DA:188,0
DA:189,0
DA:190,0
DA:192,0
DA:199,0
DA:204,0
DA:205,0
DA:206,0
DA:211,0
DA:212,0
DA:213,0
DA:214,0
DA:219,0
DA:222,0
DA:223,0
DA:224,0
DA:229,0
DA:230,0
DA:231,0
DA:232,0
DA:233,0
DA:234,0
DA:239,0
DA:240,0
DA:241,0
DA:242,0
DA:243,0
DA:244,0
DA:250,0
DA:251,0
DA:253,0
DA:259,0
DA:260,0
DA:262,0
DA:263,0
DA:264,0
DA:265,0
DA:266,0
DA:267,0
DA:268,0
DA:270,0
DA:276,0
DA:277,0
DA:278,0
DA:279,0
DA:280,0
DA:281,0
DA:283,0
DA:287,0
DA:291,0
DA:292,0
DA:293,0
DA:294,0
DA:296,0
DA:300,0
DA:301,0
DA:302,0
DA:303,0
DA:309,0
DA:311,0
DA:312,0
DA:318,0
DA:319,0
DA:320,0
DA:322,0
DA:323,0
DA:324,0
DA:325,0
DA:326,0
DA:327,0
DA:334,0
DA:335,0
DA:336,0
DA:337,0
DA:338,0
DA:339,0
DA:342,0
DA:343,0
LF:203
LH:18
BRDA:20,0,0,0
BRDA:20,0,1,0
BRDA:59,1,0,0
BRDA:59,1,1,0
BRDA:60,2,0,0
BRDA:60,2,1,0
BRDA:70,3,0,0
BRDA:70,3,1,0
BRDA:74,4,0,0
BRDA:74,4,1,0
BRDA:94,5,0,0
BRDA:94,5,1,0
BRDA:110,6,0,0
BRDA:110,6,1,0
BRDA:115,7,0,0
BRDA:115,7,1,0
BRDA:132,8,0,0
BRDA:132,8,1,0
BRDA:146,9,0,0
BRDA:146,9,1,0
BRDA:164,10,0,0
BRDA:164,10,1,0
BRDA:166,11,0,0
BRDA:166,11,1,0
BRDA:181,12,0,0
BRDA:181,12,1,0
BRDA:189,13,0,0
BRDA:189,13,1,0
BRDA:203,14,0,0
BRDA:206,15,0,0
BRDA:206,15,1,0
BRDA:207,16,0,0
BRDA:207,16,1,0
BRDA:207,16,2,0
BRDA:207,16,3,0
BRDA:207,16,4,0
BRDA:215,17,0,0
BRDA:215,17,1,0
BRDA:216,18,0,0
BRDA:216,18,1,0
BRDA:254,19,0,0
BRDA:254,19,1,0
BRDA:263,20,0,0
BRDA:263,20,1,0
BRDA:267,21,0,0
BRDA:267,21,1,0
BRDA:276,22,0,0
BRDA:276,22,1,0
BRDA:278,23,0,0
BRDA:278,23,1,0
BRDA:280,24,0,0
BRDA:280,24,1,0
BRDA:291,25,0,0
BRDA:291,25,1,0
BRDA:293,26,0,0
BRDA:293,26,1,0
BRDA:322,27,0,0
BRDA:322,27,1,0
BRDA:324,28,0,0
BRDA:324,28,1,0
BRDA:324,29,0,0
BRDA:324,29,1,0
BRDA:326,30,0,0
BRDA:326,30,1,0
BRDA:326,31,0,0
BRDA:326,31,1,0
BRDA:336,32,0,0
BRDA:336,32,1,0
BRDA:338,33,0,0
BRDA:338,33,1,0
BRF:70
BRH:0
end_of_record
